<?xml version="1.0" encoding="UTF-8"?>
<testsuite xmlns:xsi="http://www.w3.org/2001/XMLSchema-instance" xsi:noNamespaceSchemaLocation="https://maven.apache.org/surefire/maven-surefire-plugin/xsd/surefire-test-report-3.0.xsd" version="3.0" name="com.skillstorm.cucumber.RunCucumberTest" time="69.626" tests="3" errors="0" skipped="0" failures="0">
  <properties>
[...]
</properties>
  <testcase name="Example #1.1" classname="Examples" time="22.572">
    <system-out><![CDATA[
@login
Scenario Outline: Successful login with valid credentials &amp#27;[90m# com/skillstorm/login.feature:13&amp#27;[0m
  &amp#27;[32mGiven &amp#27;[0m&amp#27;[32mI am on the login page&amp#27;[0m                            &amp#27;[90m# com.skillstorm.cucumber.LoginSteps.iAmOnTheLoginPage()&amp#27;[0m
  &amp#27;[32mWhen &amp#27;[0m&amp#27;[32mI enter valid &amp#27;[0m&amp#27;[32m&amp#27;[1m"admin"&amp#27;[0m&amp#27;[32m and &amp#27;[0m&amp#27;[32m&amp#27;[1m"admin"&amp#27;[0m                  &amp#27;[90m# com.skillstorm.cucumber.LoginSteps.iEnterValidCredentials(java.lang.String,java.lang.String)&amp#27;[0m
  &amp#27;[32mAnd &amp#27;[0m&amp#27;[32mI click the login button&amp#27;[0m                            &amp#27;[90m# com.skillstorm.cucumber.LoginSteps.iClickTheLoginButton()&amp#27;[0m
  &amp#27;[32mThen &amp#27;[0m&amp#27;[32mI should be redirected to the main page&amp#27;[0m            &amp#27;[90m# com.skillstorm.cucumber.LoginSteps.iShouldBeRedirectedToTheMainPage()&amp#27;[0m
  &amp#27;[32mThen &amp#27;[0m&amp#27;[32mI should see a sign off link&amp#27;[0m                       &amp#27;[90m# com.skillstorm.cucumber.LoginSteps.iShouldSeeASignOffLink()&amp#27;[0m
]]></system-out>
  </testcase>
  <testcase name="Example #1.2" classname="Examples" time="29.229">
    <system-out><![CDATA[
@login
Scenario Outline: Successful login with valid credentials &amp#27;[90m# com/skillstorm/login.feature:14&amp#27;[0m
  &amp#27;[32mGiven &amp#27;[0m&amp#27;[32mI am on the login page&amp#27;[0m                            &amp#27;[90m# com.skillstorm.cucumber.LoginSteps.iAmOnTheLoginPage()&amp#27;[0m
  &amp#27;[32mWhen &amp#27;[0m&amp#27;[32mI enter valid &amp#27;[0m&amp#27;[32m&amp#27;[1m"jsmith"&amp#27;[0m&amp#27;[32m and &amp#27;[0m&amp#27;[32m&amp#27;[1m"Demo1234"&amp#27;[0m              &amp#27;[90m# com.skillstorm.cucumber.LoginSteps.iEnterValidCredentials(java.lang.String,java.lang.String)&amp#27;[0m
  &amp#27;[32mAnd &amp#27;[0m&amp#27;[32mI click the login button&amp#27;[0m                            &amp#27;[90m# com.skillstorm.cucumber.LoginSteps.iClickTheLoginButton()&amp#27;[0m
  &amp#27;[32mThen &amp#27;[0m&amp#27;[32mI should be redirected to the main page&amp#27;[0m            &amp#27;[90m# com.skillstorm.cucumber.LoginSteps.iShouldBeRedirectedToTheMainPage()&amp#27;[0m
  &amp#27;[32mThen &amp#27;[0m&amp#27;[32mI should see a sign off link&amp#27;[0m                       &amp#27;[90m# com.skillstorm.cucumber.LoginSteps.iShouldSeeASignOffLink()&amp#27;[0m
]]></system-out>
  </testcase>
  <testcase name="Unsuccessful login with invalid credentials" classname="User Login" time="17.366">
    <system-out><![CDATA[
@login
Scenario: Unsuccessful login with invalid credentials &amp#27;[90m# com/skillstorm/login.feature:16&amp#27;[0m
  &amp#27;[32mGiven &amp#27;[0m&amp#27;[32mI am on the login page&amp#27;[0m                        &amp#27;[90m# com.skillstorm.cucumber.LoginSteps.iAmOnTheLoginPage()&amp#27;[0m
  &amp#27;[32mWhen &amp#27;[0m&amp#27;[32mI enter invalid &amp#27;[0m&amp#27;[32m&amp#27;[1m"username"&amp#27;[0m&amp#27;[32m and &amp#27;[0m&amp#27;[32m&amp#27;[1m"password"&amp#27;[0m      &amp#27;[90m# com.skillstorm.cucumber.LoginSteps.iEnterInvalidCredentials(java.lang.String,java.lang.String)&amp#27;[0m
  &amp#27;[32mAnd &amp#27;[0m&amp#27;[32mI click the login button&amp#27;[0m                        &amp#27;[90m# com.skillstorm.cucumber.LoginSteps.iClickTheLoginButton()&amp#27;[0m
  &amp#27;[32mThen &amp#27;[0m&amp#27;[32mI should see an error message &amp#27;[0m&amp#27;[32m&amp#27;[1m"Login Failed"&amp#27;[0m   &amp#27;[90m# com.skillstorm.cucumber.LoginSteps.iShouldSeeAnErrorMessage(java.lang.String)&amp#27;[0m
]]></system-out>
  </testcase>
</testsuite>