<?xml version="1.0" encoding="UTF-8"?>
<testsuite name="TestNGTest-9b12add7-0051-4518-8e42-0e590568156d"
           tests="2"
           failures="0"
           errors="0"
           skipped="0"
           time="0.948">
    <properties></properties>



            <testcase
                name="verifyGreeting"
                time="0.070"
                classname="com.skillstorm.selenium_demo.MyTestNG">
            </testcase>
            <testcase
                name="login"
                time="0.878"
                classname="com.skillstorm.selenium_demo.MyTestNG">
            </testcase>
</testsuite>
