<?xml version="1.0" encoding="UTF-8"?>
<testsuite xmlns:xsi="http://www.w3.org/2001/XMLSchema-instance" xsi:noNamespaceSchemaLocation="https://maven.apache.org/surefire/maven-surefire-plugin/xsd/surefire-test-report-3.0.xsd" version="3.0" name="com.skillstorm.AgeValidatorTest" time="0.284" tests="3" errors="0" skipped="0" failures="0">
  <properties>
[...]
</properties>
  <testcase name="testOldEnoughToPurchaseAlcohol" classname="com.skillstorm.AgeValidatorTest" time="0.022">
    <system-out><![CDATA[Kirk is old enough to vote.
]]></system-out>
  </testcase>
  <testcase name="testOldEnoughToVote" classname="com.skillstorm.AgeValidatorTest" time="0.0"/>
  <testcase name="testOldEnoughToDrive" classname="com.skillstorm.AgeValidatorTest" time="0.016">
    <system-out><![CDATA[Not old enough!
]]></system-out>
  </testcase>
</testsuite>